<?xml version="1.0" encoding="UTF-8"?>
<coverage generated="1651563200860" clover="3.2.0">
  <project timestamp="1651563200860" name="All files">
    <metrics statements="5" coveredstatements="5" conditionals="2" coveredconditionals="2" methods="3" coveredmethods="3" elements="10" coveredelements="10" complexity="0" loc="5" ncloc="5" packages="1" files="1" classes="1"/>
    <file name="todoListItem.jsx" path="/Users/yagneshmodh/Desktop/tsc-new/src/Todo/todoListItem.jsx">
      <metrics statements="5" coveredstatements="5" conditionals="2" coveredconditionals="2" methods="3" coveredmethods="3"/>
      <line num="5" count="6" type="stmt"/>
      <line num="12" count="1" type="stmt"/>
      <line num="25" count="2" type="stmt"/>
      <line num="33" count="1" type="stmt"/>
      <line num="51" count="1" type="stmt"/>
    </file>
  </project>
</coverage>
