{"/Users/yagneshmodh/Desktop/tsc-new/src/Todo/todoListItem.jsx": {"path":"/Users/yagneshmodh/Desktop/tsc-new/src/Todo/todoListItem.jsx","statementMap":{"0":{"start":{"line":5,"column":2},"end":{"line":30,"column":4}},"1":{"start":{"line":12,"column":24},"end":{"line":12,"column":44}},"2":{"start":{"line":25,"column":23},"end":{"line":25,"column":42}},"3":{"start":{"line":33,"column":0},"end":{"line":49,"column":2}},"4":{"start":{"line":51,"column":0},"end":{"line":54,"column":2}}},"fnMap":{"0":{"name":"TodoListItem","decl":{"start":{"line":4,"column":9},"end":{"line":4,"column":21}},"loc":{"start":{"line":4,"column":84},"end":{"line":31,"column":1}},"line":4},"1":{"name":"(anonymous_1)","decl":{"start":{"line":12,"column":18},"end":{"line":12,"column":19}},"loc":{"start":{"line":12,"column":24},"end":{"line":12,"column":44}},"line":12},"2":{"name":"(anonymous_2)","decl":{"start":{"line":25,"column":17},"end":{"line":25,"column":18}},"loc":{"start":{"line":25,"column":23},"end":{"line":25,"column":42}},"line":25}},"branchMap":{"0":{"loc":{"start":{"line":17,"column":43},"end":{"line":17,"column":76}},"type":"cond-expr","locations":[{"start":{"line":17,"column":57},"end":{"line":17,"column":71}},{"start":{"line":17,"column":74},"end":{"line":17,"column":76}}],"line":17}},"s":{"0":6,"1":1,"2":2,"3":1,"4":1},"f":{"0":6,"1":1,"2":2},"b":{"0":[1,5]},"_coverageSchema":"1a1c01bbd47fc00a2c39e90264f33305004495a9","hash":"d9e832f11370271da930ef81dfd149503df80c95"}
}
