{"/Users/yagneshmodh/Desktop/tsc-new/src/Todo/todoFilter.jsx": {"path":"/Users/yagneshmodh/Desktop/tsc-new/src/Todo/todoFilter.jsx","statementMap":{"0":{"start":{"line":9,"column":2},"end":{"line":37,"column":4}},"1":{"start":{"line":14,"column":23},"end":{"line":14,"column":40}},"2":{"start":{"line":23,"column":23},"end":{"line":23,"column":44}},"3":{"start":{"line":32,"column":23},"end":{"line":32,"column":46}},"4":{"start":{"line":40,"column":0},"end":{"line":43,"column":2}}},"fnMap":{"0":{"name":"TodoFilter","decl":{"start":{"line":8,"column":9},"end":{"line":8,"column":19}},"loc":{"start":{"line":8,"column":48},"end":{"line":38,"column":1}},"line":8},"1":{"name":"(anonymous_1)","decl":{"start":{"line":14,"column":17},"end":{"line":14,"column":18}},"loc":{"start":{"line":14,"column":23},"end":{"line":14,"column":40}},"line":14},"2":{"name":"(anonymous_2)","decl":{"start":{"line":23,"column":17},"end":{"line":23,"column":18}},"loc":{"start":{"line":23,"column":23},"end":{"line":23,"column":44}},"line":23},"3":{"name":"(anonymous_3)","decl":{"start":{"line":32,"column":17},"end":{"line":32,"column":18}},"loc":{"start":{"line":32,"column":23},"end":{"line":32,"column":46}},"line":32}},"branchMap":{"0":{"loc":{"start":{"line":13,"column":54},"end":{"line":13,"column":95}},"type":"cond-expr","locations":[{"start":{"line":13,"column":77},"end":{"line":13,"column":90}},{"start":{"line":13,"column":93},"end":{"line":13,"column":95}}],"line":13},"1":{"loc":{"start":{"line":21,"column":10},"end":{"line":21,"column":55}},"type":"cond-expr","locations":[{"start":{"line":21,"column":37},"end":{"line":21,"column":50}},{"start":{"line":21,"column":53},"end":{"line":21,"column":55}}],"line":21},"2":{"loc":{"start":{"line":30,"column":10},"end":{"line":30,"column":57}},"type":"cond-expr","locations":[{"start":{"line":30,"column":39},"end":{"line":30,"column":52}},{"start":{"line":30,"column":55},"end":{"line":30,"column":57}}],"line":30}},"s":{"0":7,"1":1,"2":1,"3":1,"4":1},"f":{"0":7,"1":1,"2":1,"3":1},"b":{"0":[5,2],"1":[1,6],"2":[1,6]},"_coverageSchema":"1a1c01bbd47fc00a2c39e90264f33305004495a9","hash":"360fbd37f293a9eb522195bb166f6e3f1c4f7985"}
,"/Users/yagneshmodh/Desktop/tsc-new/src/Todo/todoListItem.jsx": {"path":"/Users/yagneshmodh/Desktop/tsc-new/src/Todo/todoListItem.jsx","statementMap":{"0":{"start":{"line":5,"column":2},"end":{"line":30,"column":4}},"1":{"start":{"line":12,"column":24},"end":{"line":12,"column":44}},"2":{"start":{"line":25,"column":23},"end":{"line":25,"column":42}},"3":{"start":{"line":33,"column":0},"end":{"line":49,"column":2}},"4":{"start":{"line":51,"column":0},"end":{"line":54,"column":2}}},"fnMap":{"0":{"name":"TodoListItem","decl":{"start":{"line":4,"column":9},"end":{"line":4,"column":21}},"loc":{"start":{"line":4,"column":84},"end":{"line":31,"column":1}},"line":4},"1":{"name":"(anonymous_1)","decl":{"start":{"line":12,"column":18},"end":{"line":12,"column":19}},"loc":{"start":{"line":12,"column":24},"end":{"line":12,"column":44}},"line":12},"2":{"name":"(anonymous_2)","decl":{"start":{"line":25,"column":17},"end":{"line":25,"column":18}},"loc":{"start":{"line":25,"column":23},"end":{"line":25,"column":42}},"line":25}},"branchMap":{"0":{"loc":{"start":{"line":17,"column":43},"end":{"line":17,"column":76}},"type":"cond-expr","locations":[{"start":{"line":17,"column":57},"end":{"line":17,"column":71}},{"start":{"line":17,"column":74},"end":{"line":17,"column":76}}],"line":17}},"s":{"0":6,"1":1,"2":2,"3":1,"4":1},"f":{"0":6,"1":1,"2":2},"b":{"0":[1,5]},"_coverageSchema":"1a1c01bbd47fc00a2c39e90264f33305004495a9","hash":"d9e832f11370271da930ef81dfd149503df80c95"}
}
