TN:
SF:src/Todo/todoFilter.jsx
FN:8,TodoFilter
FN:14,(anonymous_1)
FN:23,(anonymous_2)
FN:32,(anonymous_3)
FNF:4
FNH:4
FNDA:7,TodoFilter
FNDA:1,(anonymous_1)
FNDA:1,(anonymous_2)
FNDA:1,(anonymous_3)
DA:9,7
DA:14,1
DA:23,1
DA:32,1
DA:40,1
LF:5
LH:5
BRDA:13,0,0,5
BRDA:13,0,1,2
BRDA:21,1,0,1
BRDA:21,1,1,6
BRDA:30,2,0,1
BRDA:30,2,1,6
BRF:6
BRH:6
end_of_record
TN:
SF:src/Todo/todoListItem.jsx
FN:4,TodoListItem
FN:12,(anonymous_1)
FN:25,(anonymous_2)
FNF:3
FNH:3
FNDA:6,TodoListItem
FNDA:1,(anonymous_1)
FNDA:2,(anonymous_2)
DA:5,6
DA:12,1
DA:25,2
DA:33,1
DA:51,1
LF:5
LH:5
BRDA:17,0,0,1
BRDA:17,0,1,5
BRF:2
BRH:2
end_of_record
